<?xml version="1.0" encoding="UTF-8"?>
<coverage generated="1555233986727" clover="3.2.0">
  <project timestamp="1555233986727" name="All files">
    <metrics statements="30" coveredstatements="30" conditionals="10" coveredconditionals="10" methods="17" coveredmethods="15" elements="57" coveredelements="55" complexity="0" loc="30" ncloc="30" packages="1" files="3" classes="3"/>
    <file name="6kyu.js" path="C:\Users\BUKOLA\Documents\WEBDEV_PROJECTS\Unit_Testing_Codewars_Katas\6kyu.js">
      <metrics statements="2" coveredstatements="2" conditionals="0" coveredconditionals="0" methods="1" coveredmethods="1"/>
      <line num="1" count="1" type="stmt"/>
      <line num="7" count="1" type="stmt"/>
    </file>
    <file name="7kyu.js" path="C:\Users\BUKOLA\Documents\WEBDEV_PROJECTS\Unit_Testing_Codewars_Katas\7kyu.js">
      <metrics statements="12" coveredstatements="12" conditionals="4" coveredconditionals="4" methods="2" coveredmethods="2"/>
      <line num="1" count="1" type="stmt"/>
      <line num="5" count="4" type="stmt"/>
      <line num="6" count="4" type="stmt"/>
      <line num="7" count="4" type="stmt"/>
      <line num="8" count="4" type="stmt"/>
      <line num="9" count="12" type="cond" truecount="2" falsecount="0"/>
      <line num="10" count="6" type="stmt"/>
      <line num="11" count="6" type="cond" truecount="2" falsecount="0"/>
      <line num="12" count="5" type="stmt"/>
      <line num="14" count="1" type="stmt"/>
      <line num="17" count="4" type="stmt"/>
      <line num="22" count="1" type="stmt"/>
    </file>
    <file name="8kyu.js" path="C:\Users\BUKOLA\Documents\WEBDEV_PROJECTS\Unit_Testing_Codewars_Katas\8kyu.js">
      <metrics statements="16" coveredstatements="16" conditionals="6" coveredconditionals="6" methods="14" coveredmethods="12"/>
      <line num="5" count="1" type="stmt"/>
      <line num="7" count="3" type="cond" truecount="2" falsecount="0"/>
      <line num="8" count="1" type="stmt"/>
      <line num="10" count="8" type="stmt"/>
      <line num="15" count="2" type="cond" truecount="2" falsecount="0"/>
      <line num="20" count="12" type="stmt"/>
      <line num="25" count="3" type="cond" truecount="2" falsecount="0"/>
      <line num="26" count="1" type="stmt"/>
      <line num="28" count="2" type="stmt"/>
      <line num="34" count="2" type="stmt"/>
      <line num="35" count="2" type="stmt"/>
      <line num="40" count="3" type="stmt"/>
      <line num="41" count="23" type="stmt"/>
      <line num="53" count="1" type="stmt"/>
      <line num="58" count="15" type="stmt"/>
      <line num="62" count="1" type="stmt"/>
    </file>
  </project>
</coverage>
