{"C:\\Users\\BUKOLA\\Documents\\WEBDEV_PROJECTS\\Unit_Testing_Codewars_Katas\\6kyu.js": {"path":"C:\\Users\\BUKOLA\\Documents\\WEBDEV_PROJECTS\\Unit_Testing_Codewars_Katas\\6kyu.js","statementMap":{"0":{"start":{"line":1,"column":17},"end":{"line":5,"column":1}},"1":{"start":{"line":7,"column":0},"end":{"line":7,"column":26}}},"fnMap":{"0":{"name":"(anonymous_0)","decl":{"start":{"line":2,"column":11},"end":{"line":2,"column":12}},"loc":{"start":{"line":2,"column":20},"end":{"line":4,"column":5}},"line":2}},"branchMap":{},"s":{"0":1,"1":1},"f":{"0":1},"b":{},"_coverageSchema":"43e27e138ebf9cfc5966b082cf9a028302ed4184","hash":"86392629f8ee16596a17c3b24c8d283d67f5c1ed"}
,"C:\\Users\\BUKOLA\\Documents\\WEBDEV_PROJECTS\\Unit_Testing_Codewars_Katas\\7kyu.js": {"path":"C:\\Users\\BUKOLA\\Documents\\WEBDEV_PROJECTS\\Unit_Testing_Codewars_Katas\\7kyu.js","statementMap":{"0":{"start":{"line":1,"column":17},"end":{"line":20,"column":1}},"1":{"start":{"line":5,"column":16},"end":{"line":5,"column":17}},"2":{"start":{"line":6,"column":16},"end":{"line":6,"column":17}},"3":{"start":{"line":7,"column":26},"end":{"line":7,"column":43}},"4":{"start":{"line":8,"column":8},"end":{"line":15,"column":11}},"5":{"start":{"line":9,"column":12},"end":{"line":14,"column":24}},"6":{"start":{"line":10,"column":16},"end":{"line":10,"column":21}},"7":{"start":{"line":11,"column":17},"end":{"line":14,"column":24}},"8":{"start":{"line":12,"column":16},"end":{"line":12,"column":21}},"9":{"start":{"line":14,"column":12},"end":{"line":14,"column":24}},"10":{"start":{"line":17,"column":8},"end":{"line":17,"column":23}},"11":{"start":{"line":22,"column":0},"end":{"line":22,"column":26}}},"fnMap":{"0":{"name":"(anonymous_0)","decl":{"start":{"line":4,"column":8},"end":{"line":4,"column":9}},"loc":{"start":{"line":4,"column":17},"end":{"line":18,"column":5}},"line":4},"1":{"name":"(anonymous_1)","decl":{"start":{"line":8,"column":36},"end":{"line":8,"column":37}},"loc":{"start":{"line":8,"column":47},"end":{"line":15,"column":9}},"line":8}},"branchMap":{"0":{"loc":{"start":{"line":9,"column":12},"end":{"line":14,"column":24}},"type":"if","locations":[{"start":{"line":9,"column":12},"end":{"line":14,"column":24}},{"start":{"line":9,"column":12},"end":{"line":14,"column":24}}],"line":9},"1":{"loc":{"start":{"line":11,"column":17},"end":{"line":14,"column":24}},"type":"if","locations":[{"start":{"line":11,"column":17},"end":{"line":14,"column":24}},{"start":{"line":11,"column":17},"end":{"line":14,"column":24}}],"line":11}},"s":{"0":1,"1":4,"2":4,"3":4,"4":4,"5":12,"6":6,"7":6,"8":5,"9":1,"10":4,"11":1},"f":{"0":4,"1":12},"b":{"0":[6,6],"1":[5,1]},"_coverageSchema":"43e27e138ebf9cfc5966b082cf9a028302ed4184","hash":"f1020b863c3a87e2abc9ed7fa09e941d550b362d"}
,"C:\\Users\\BUKOLA\\Documents\\WEBDEV_PROJECTS\\Unit_Testing_Codewars_Katas\\8kyu.js": {"path":"C:\\Users\\BUKOLA\\Documents\\WEBDEV_PROJECTS\\Unit_Testing_Codewars_Katas\\8kyu.js","statementMap":{"0":{"start":{"line":5,"column":17},"end":{"line":60,"column":1}},"1":{"start":{"line":7,"column":4},"end":{"line":9,"column":5}},"2":{"start":{"line":8,"column":6},"end":{"line":8,"column":52}},"3":{"start":{"line":10,"column":4},"end":{"line":10,"column":57}},"4":{"start":{"line":10,"column":36},"end":{"line":10,"column":55}},"5":{"start":{"line":15,"column":4},"end":{"line":15,"column":38}},"6":{"start":{"line":20,"column":4},"end":{"line":20,"column":60}},"7":{"start":{"line":20,"column":36},"end":{"line":20,"column":58}},"8":{"start":{"line":25,"column":4},"end":{"line":27,"column":5}},"9":{"start":{"line":26,"column":6},"end":{"line":26,"column":48}},"10":{"start":{"line":28,"column":4},"end":{"line":28,"column":19}},"11":{"start":{"line":34,"column":20},"end":{"line":34,"column":30}},"12":{"start":{"line":35,"column":4},"end":{"line":35,"column":38}},"13":{"start":{"line":40,"column":4},"end":{"line":43,"column":6}},"14":{"start":{"line":41,"column":37},"end":{"line":41,"column":71}},"15":{"start":{"line":53,"column":4},"end":{"line":53,"column":46}},"16":{"start":{"line":58,"column":4},"end":{"line":58,"column":67}},"17":{"start":{"line":58,"column":29},"end":{"line":58,"column":56}},"18":{"start":{"line":62,"column":0},"end":{"line":62,"column":26}}},"fnMap":{"0":{"name":"(anonymous_0)","decl":{"start":{"line":6,"column":10},"end":{"line":6,"column":11}},"loc":{"start":{"line":6,"column":21},"end":{"line":11,"column":3}},"line":6},"1":{"name":"(anonymous_1)","decl":{"start":{"line":10,"column":26},"end":{"line":10,"column":27}},"loc":{"start":{"line":10,"column":36},"end":{"line":10,"column":55}},"line":10},"2":{"name":"(anonymous_2)","decl":{"start":{"line":14,"column":15},"end":{"line":14,"column":16}},"loc":{"start":{"line":14,"column":28},"end":{"line":16,"column":3}},"line":14},"3":{"name":"(anonymous_3)","decl":{"start":{"line":19,"column":15},"end":{"line":19,"column":16}},"loc":{"start":{"line":19,"column":37},"end":{"line":21,"column":3}},"line":19},"4":{"name":"(anonymous_4)","decl":{"start":{"line":20,"column":26},"end":{"line":20,"column":27}},"loc":{"start":{"line":20,"column":36},"end":{"line":20,"column":58}},"line":20},"5":{"name":"(anonymous_5)","decl":{"start":{"line":24,"column":12},"end":{"line":24,"column":13}},"loc":{"start":{"line":24,"column":22},"end":{"line":29,"column":3}},"line":24},"6":{"name":"(anonymous_6)","decl":{"start":{"line":33,"column":11},"end":{"line":33,"column":12}},"loc":{"start":{"line":33,"column":19},"end":{"line":36,"column":3}},"line":33},"7":{"name":"(anonymous_7)","decl":{"start":{"line":39,"column":10},"end":{"line":39,"column":11}},"loc":{"start":{"line":39,"column":15},"end":{"line":44,"column":3}},"line":39},"8":{"name":"(anonymous_8)","decl":{"start":{"line":41,"column":6},"end":{"line":41,"column":7}},"loc":{"start":{"line":41,"column":37},"end":{"line":41,"column":71}},"line":41},"9":{"name":"(anonymous_9)","decl":{"start":{"line":47,"column":14},"end":{"line":47,"column":15}},"loc":{"start":{"line":47,"column":20},"end":{"line":47,"column":22}},"line":47},"10":{"name":"(anonymous_10)","decl":{"start":{"line":49,"column":14},"end":{"line":49,"column":15}},"loc":{"start":{"line":49,"column":26},"end":{"line":49,"column":28}},"line":49},"11":{"name":"(anonymous_11)","decl":{"start":{"line":52,"column":16},"end":{"line":52,"column":17}},"loc":{"start":{"line":52,"column":25},"end":{"line":54,"column":3}},"line":52},"12":{"name":"(anonymous_12)","decl":{"start":{"line":57,"column":13},"end":{"line":57,"column":14}},"loc":{"start":{"line":57,"column":22},"end":{"line":59,"column":3}},"line":57},"13":{"name":"(anonymous_13)","decl":{"start":{"line":58,"column":19},"end":{"line":58,"column":20}},"loc":{"start":{"line":58,"column":29},"end":{"line":58,"column":56}},"line":58}},"branchMap":{"0":{"loc":{"start":{"line":7,"column":4},"end":{"line":9,"column":5}},"type":"if","locations":[{"start":{"line":7,"column":4},"end":{"line":9,"column":5}},{"start":{"line":7,"column":4},"end":{"line":9,"column":5}}],"line":7},"1":{"loc":{"start":{"line":15,"column":11},"end":{"line":15,"column":37}},"type":"binary-expr","locations":[{"start":{"line":15,"column":11},"end":{"line":15,"column":22}},{"start":{"line":15,"column":26},"end":{"line":15,"column":37}}],"line":15},"2":{"loc":{"start":{"line":25,"column":4},"end":{"line":27,"column":5}},"type":"if","locations":[{"start":{"line":25,"column":4},"end":{"line":27,"column":5}},{"start":{"line":25,"column":4},"end":{"line":27,"column":5}}],"line":25}},"s":{"0":1,"1":3,"2":1,"3":2,"4":8,"5":2,"6":2,"7":12,"8":3,"9":1,"10":2,"11":2,"12":2,"13":3,"14":23,"15":1,"16":2,"17":15,"18":1},"f":{"0":3,"1":8,"2":2,"3":2,"4":12,"5":3,"6":2,"7":3,"8":23,"9":0,"10":0,"11":1,"12":2,"13":15},"b":{"0":[1,2],"1":[2,1],"2":[1,2]},"_coverageSchema":"43e27e138ebf9cfc5966b082cf9a028302ed4184","hash":"16be9d464120c84c3ad3c10f9b25bc2cc518b779"}
}
