TN:
SF:C:\Users\BUKOLA\Documents\WEBDEV_PROJECTS\Unit_Testing_Codewars_Katas\6kyu.js
FN:2,(anonymous_0)
FNF:1
FNH:1
FNDA:1,(anonymous_0)
DA:1,1
DA:7,1
LF:2
LH:2
BRF:0
BRH:0
end_of_record
TN:
SF:C:\Users\BUKOLA\Documents\WEBDEV_PROJECTS\Unit_Testing_Codewars_Katas\7kyu.js
FN:4,(anonymous_0)
FN:8,(anonymous_1)
FNF:2
FNH:2
FNDA:4,(anonymous_0)
FNDA:12,(anonymous_1)
DA:1,1
DA:5,4
DA:6,4
DA:7,4
DA:8,4
DA:9,12
DA:10,6
DA:11,6
DA:12,5
DA:14,1
DA:17,4
DA:22,1
LF:12
LH:12
BRDA:9,0,0,6
BRDA:9,0,1,6
BRDA:11,1,0,5
BRDA:11,1,1,1
BRF:4
BRH:4
end_of_record
TN:
SF:C:\Users\BUKOLA\Documents\WEBDEV_PROJECTS\Unit_Testing_Codewars_Katas\8kyu.js
FN:6,(anonymous_0)
FN:10,(anonymous_1)
FN:14,(anonymous_2)
FN:19,(anonymous_3)
FN:20,(anonymous_4)
FN:24,(anonymous_5)
FN:33,(anonymous_6)
FN:39,(anonymous_7)
FN:41,(anonymous_8)
FN:47,(anonymous_9)
FN:49,(anonymous_10)
FN:52,(anonymous_11)
FN:57,(anonymous_12)
FN:58,(anonymous_13)
FNF:14
FNH:12
FNDA:3,(anonymous_0)
FNDA:8,(anonymous_1)
FNDA:2,(anonymous_2)
FNDA:2,(anonymous_3)
FNDA:12,(anonymous_4)
FNDA:3,(anonymous_5)
FNDA:2,(anonymous_6)
FNDA:3,(anonymous_7)
FNDA:23,(anonymous_8)
FNDA:0,(anonymous_9)
FNDA:0,(anonymous_10)
FNDA:1,(anonymous_11)
FNDA:2,(anonymous_12)
FNDA:15,(anonymous_13)
DA:5,1
DA:7,3
DA:8,1
DA:10,8
DA:15,2
DA:20,12
DA:25,3
DA:26,1
DA:28,2
DA:34,2
DA:35,2
DA:40,3
DA:41,23
DA:53,1
DA:58,15
DA:62,1
LF:16
LH:16
BRDA:7,0,0,1
BRDA:7,0,1,2
BRDA:15,1,0,2
BRDA:15,1,1,1
BRDA:25,2,0,1
BRDA:25,2,1,2
BRF:6
BRH:6
end_of_record
